{"/workspaces/desenvolvedor-java-qua.209.079/game/core.js": {"path":"/workspaces/desenvolvedor-java-qua.209.079/game/core.js","statementMap":{"0":{"start":{"line":2,"column":11},"end":{"line":2,"column":24}},"1":{"start":{"line":3,"column":19},"end":{"line":8,"column":1}},"2":{"start":{"line":12,"column":4},"end":{"line":12,"column":19}},"3":{"start":{"line":13,"column":4},"end":{"line":13,"column":23}},"4":{"start":{"line":14,"column":4},"end":{"line":14,"column":26}},"5":{"start":{"line":15,"column":4},"end":{"line":15,"column":21}},"6":{"start":{"line":16,"column":4},"end":{"line":16,"column":25}},"7":{"start":{"line":22,"column":4},"end":{"line":22,"column":21}},"8":{"start":{"line":23,"column":4},"end":{"line":23,"column":19}},"9":{"start":{"line":24,"column":4},"end":{"line":24,"column":16}},"10":{"start":{"line":25,"column":4},"end":{"line":25,"column":20}},"11":{"start":{"line":26,"column":4},"end":{"line":26,"column":23}},"12":{"start":{"line":27,"column":4},"end":{"line":27,"column":24}},"13":{"start":{"line":28,"column":4},"end":{"line":28,"column":38}},"14":{"start":{"line":29,"column":4},"end":{"line":29,"column":25}},"15":{"start":{"line":30,"column":4},"end":{"line":30,"column":26}},"16":{"start":{"line":31,"column":4},"end":{"line":31,"column":50}},"17":{"start":{"line":36,"column":4},"end":{"line":36,"column":31}},"18":{"start":{"line":37,"column":4},"end":{"line":37,"column":54}},"19":{"start":{"line":41,"column":16},"end":{"line":41,"column":67}},"20":{"start":{"line":41,"column":47},"end":{"line":41,"column":66}},"21":{"start":{"line":42,"column":4},"end":{"line":42,"column":32}},"22":{"start":{"line":42,"column":20},"end":{"line":42,"column":32}},"23":{"start":{"line":43,"column":4},"end":{"line":43,"column":45}},"24":{"start":{"line":47,"column":16},"end":{"line":47,"column":67}},"25":{"start":{"line":47,"column":47},"end":{"line":47,"column":66}},"26":{"start":{"line":48,"column":4},"end":{"line":51,"column":5}},"27":{"start":{"line":49,"column":6},"end":{"line":49,"column":57}},"28":{"start":{"line":50,"column":6},"end":{"line":50,"column":19}},"29":{"start":{"line":52,"column":17},"end":{"line":52,"column":37}},"30":{"start":{"line":53,"column":4},"end":{"line":53,"column":57}},"31":{"start":{"line":53,"column":41},"end":{"line":53,"column":57}},"32":{"start":{"line":54,"column":4},"end":{"line":54,"column":35}},"33":{"start":{"line":55,"column":4},"end":{"line":55,"column":16}},"34":{"start":{"line":60,"column":4},"end":{"line":60,"column":38}},"35":{"start":{"line":61,"column":4},"end":{"line":61,"column":74}},"36":{"start":{"line":65,"column":16},"end":{"line":65,"column":69}},"37":{"start":{"line":65,"column":43},"end":{"line":65,"column":68}},"38":{"start":{"line":66,"column":4},"end":{"line":69,"column":5}},"39":{"start":{"line":67,"column":6},"end":{"line":67,"column":64}},"40":{"start":{"line":68,"column":6},"end":{"line":68,"column":19}},"41":{"start":{"line":70,"column":4},"end":{"line":73,"column":5}},"42":{"start":{"line":71,"column":6},"end":{"line":71,"column":89}},"43":{"start":{"line":72,"column":6},"end":{"line":72,"column":19}},"44":{"start":{"line":74,"column":4},"end":{"line":74,"column":30}},"45":{"start":{"line":75,"column":4},"end":{"line":75,"column":25}},"46":{"start":{"line":76,"column":4},"end":{"line":76,"column":16}},"47":{"start":{"line":80,"column":4},"end":{"line":80,"column":21}},"48":{"start":{"line":81,"column":4},"end":{"line":84,"column":5}},"49":{"start":{"line":82,"column":6},"end":{"line":82,"column":34}},"50":{"start":{"line":83,"column":6},"end":{"line":83,"column":24}},"51":{"start":{"line":88,"column":4},"end":{"line":88,"column":17}},"52":{"start":{"line":89,"column":4},"end":{"line":89,"column":66}},"53":{"start":{"line":93,"column":4},"end":{"line":93,"column":60}},"54":{"start":{"line":93,"column":33},"end":{"line":93,"column":60}},"55":{"start":{"line":94,"column":4},"end":{"line":94,"column":36}},"56":{"start":{"line":100,"column":4},"end":{"line":100,"column":25}},"57":{"start":{"line":101,"column":4},"end":{"line":101,"column":31}},"58":{"start":{"line":102,"column":4},"end":{"line":102,"column":37}},"59":{"start":{"line":103,"column":4},"end":{"line":103,"column":21}},"60":{"start":{"line":104,"column":4},"end":{"line":104,"column":26}},"61":{"start":{"line":108,"column":4},"end":{"line":108,"column":30}},"62":{"start":{"line":108,"column":23},"end":{"line":108,"column":30}},"63":{"start":{"line":109,"column":4},"end":{"line":109,"column":25}},"64":{"start":{"line":110,"column":4},"end":{"line":110,"column":39}},"65":{"start":{"line":111,"column":4},"end":{"line":111,"column":54}},"66":{"start":{"line":117,"column":4},"end":{"line":117,"column":21}},"67":{"start":{"line":118,"column":4},"end":{"line":118,"column":21}},"68":{"start":{"line":119,"column":4},"end":{"line":119,"column":21}},"69":{"start":{"line":120,"column":4},"end":{"line":120,"column":29}},"70":{"start":{"line":121,"column":4},"end":{"line":121,"column":23}},"71":{"start":{"line":122,"column":4},"end":{"line":122,"column":25}},"72":{"start":{"line":123,"column":4},"end":{"line":123,"column":28}},"73":{"start":{"line":127,"column":4},"end":{"line":127,"column":29}},"74":{"start":{"line":128,"column":4},"end":{"line":128,"column":41}},"75":{"start":{"line":128,"column":25},"end":{"line":128,"column":41}},"76":{"start":{"line":129,"column":4},"end":{"line":129,"column":85}},"77":{"start":{"line":136,"column":4},"end":{"line":136,"column":21}},"78":{"start":{"line":137,"column":4},"end":{"line":137,"column":21}},"79":{"start":{"line":138,"column":4},"end":{"line":138,"column":23}},"80":{"start":{"line":144,"column":4},"end":{"line":144,"column":21}},"81":{"start":{"line":145,"column":4},"end":{"line":145,"column":23}},"82":{"start":{"line":146,"column":4},"end":{"line":146,"column":23}},"83":{"start":{"line":153,"column":15},"end":{"line":153,"column":24}},"84":{"start":{"line":154,"column":2},"end":{"line":160,"column":3}},"85":{"start":{"line":155,"column":4},"end":{"line":159,"column":7}},"86":{"start":{"line":156,"column":19},"end":{"line":156,"column":34}},"87":{"start":{"line":157,"column":6},"end":{"line":157,"column":50}},"88":{"start":{"line":158,"column":6},"end":{"line":158,"column":97}},"89":{"start":{"line":161,"column":2},"end":{"line":163,"column":5}},"90":{"start":{"line":162,"column":4},"end":{"line":162,"column":55}},"91":{"start":{"line":167,"column":15},"end":{"line":167,"column":24}},"92":{"start":{"line":168,"column":2},"end":{"line":175,"column":3}},"93":{"start":{"line":169,"column":4},"end":{"line":174,"column":7}},"94":{"start":{"line":170,"column":19},"end":{"line":170,"column":43}},"95":{"start":{"line":171,"column":6},"end":{"line":171,"column":26}},"96":{"start":{"line":172,"column":6},"end":{"line":172,"column":43}},"97":{"start":{"line":172,"column":27},"end":{"line":172,"column":43}},"98":{"start":{"line":173,"column":6},"end":{"line":173,"column":91}},"99":{"start":{"line":176,"column":2},"end":{"line":178,"column":5}},"100":{"start":{"line":177,"column":4},"end":{"line":177,"column":67}},"101":{"start":{"line":182,"column":15},"end":{"line":193,"column":3}},"102":{"start":{"line":190,"column":44},"end":{"line":190,"column":88}},"103":{"start":{"line":191,"column":46},"end":{"line":191,"column":78}},"104":{"start":{"line":194,"column":2},"end":{"line":194,"column":68}},"105":{"start":{"line":195,"column":2},"end":{"line":195,"column":43}},"106":{"start":{"line":199,"column":2},"end":{"line":202,"column":3}},"107":{"start":{"line":200,"column":4},"end":{"line":200,"column":63}},"108":{"start":{"line":201,"column":4},"end":{"line":201,"column":16}},"109":{"start":{"line":203,"column":14},"end":{"line":203,"column":47}},"110":{"start":{"line":204,"column":15},"end":{"line":204,"column":30}},"111":{"start":{"line":205,"column":17},"end":{"line":205,"column":51}},"112":{"start":{"line":206,"column":2},"end":{"line":206,"column":33}},"113":{"start":{"line":207,"column":2},"end":{"line":207,"column":27}},"114":{"start":{"line":208,"column":2},"end":{"line":208,"column":33}},"115":{"start":{"line":209,"column":2},"end":{"line":209,"column":39}},"116":{"start":{"line":210,"column":2},"end":{"line":210,"column":42}},"117":{"start":{"line":211,"column":2},"end":{"line":211,"column":70}},"118":{"start":{"line":211,"column":22},"end":{"line":211,"column":70}},"119":{"start":{"line":212,"column":2},"end":{"line":212,"column":74}},"120":{"start":{"line":213,"column":2},"end":{"line":213,"column":77}},"121":{"start":{"line":214,"column":2},"end":{"line":214,"column":70}},"122":{"start":{"line":215,"column":2},"end":{"line":215,"column":47}},"123":{"start":{"line":216,"column":2},"end":{"line":216,"column":16}},"124":{"start":{"line":220,"column":2},"end":{"line":220,"column":58}},"125":{"start":{"line":225,"column":4},"end":{"line":225,"column":40}},"126":{"start":{"line":225,"column":33},"end":{"line":225,"column":40}},"127":{"start":{"line":226,"column":4},"end":{"line":234,"column":5}},"128":{"start":{"line":226,"column":17},"end":{"line":226,"column":50}},"129":{"start":{"line":227,"column":16},"end":{"line":227,"column":41}},"130":{"start":{"line":228,"column":6},"end":{"line":231,"column":7}},"131":{"start":{"line":229,"column":8},"end":{"line":229,"column":33}},"132":{"start":{"line":230,"column":8},"end":{"line":230,"column":107}},"133":{"start":{"line":232,"column":6},"end":{"line":232,"column":17}},"134":{"start":{"line":233,"column":6},"end":{"line":233,"column":61}},"135":{"start":{"line":233,"column":25},"end":{"line":233,"column":61}},"136":{"start":{"line":235,"column":4},"end":{"line":235,"column":45}},"137":{"start":{"line":235,"column":27},"end":{"line":235,"column":45}},"138":{"start":{"line":239,"column":15},"end":{"line":239,"column":53}},"139":{"start":{"line":240,"column":4},"end":{"line":240,"column":33}},"140":{"start":{"line":240,"column":21},"end":{"line":240,"column":33}},"141":{"start":{"line":241,"column":4},"end":{"line":241,"column":31}},"142":{"start":{"line":241,"column":20},"end":{"line":241,"column":31}},"143":{"start":{"line":242,"column":4},"end":{"line":242,"column":32}},"144":{"start":{"line":246,"column":15},"end":{"line":246,"column":68}},"145":{"start":{"line":248,"column":23},"end":{"line":248,"column":74}},"146":{"start":{"line":249,"column":4},"end":{"line":252,"column":5}},"147":{"start":{"line":250,"column":6},"end":{"line":250,"column":36}},"148":{"start":{"line":251,"column":6},"end":{"line":251,"column":37}},"149":{"start":{"line":254,"column":4},"end":{"line":259,"column":5}},"150":{"start":{"line":255,"column":6},"end":{"line":258,"column":7}},"151":{"start":{"line":256,"column":8},"end":{"line":256,"column":38}},"152":{"start":{"line":257,"column":8},"end":{"line":257,"column":84}},"153":{"start":{"line":261,"column":4},"end":{"line":263,"column":5}},"154":{"start":{"line":262,"column":6},"end":{"line":262,"column":59}},"155":{"start":{"line":264,"column":4},"end":{"line":264,"column":16}},"156":{"start":{"line":268,"column":2},"end":{"line":268,"column":52}},"157":{"start":{"line":269,"column":2},"end":{"line":269,"column":50}},"158":{"start":{"line":270,"column":2},"end":{"line":270,"column":41}},"159":{"start":{"line":273,"column":29},"end":{"line":273,"column":74}},"160":{"start":{"line":275,"column":2},"end":{"line":363,"column":3}},"161":{"start":{"line":276,"column":4},"end":{"line":362,"column":5}},"162":{"start":{"line":278,"column":6},"end":{"line":278,"column":35}},"163":{"start":{"line":279,"column":6},"end":{"line":279,"column":34}},"164":{"start":{"line":279,"column":28},"end":{"line":279,"column":34}},"165":{"start":{"line":281,"column":22},"end":{"line":281,"column":71}},"166":{"start":{"line":281,"column":53},"end":{"line":281,"column":70}},"167":{"start":{"line":282,"column":6},"end":{"line":301,"column":7}},"168":{"start":{"line":284,"column":20},"end":{"line":284,"column":75}},"169":{"start":{"line":284,"column":49},"end":{"line":284,"column":74}},"170":{"start":{"line":285,"column":8},"end":{"line":298,"column":9}},"171":{"start":{"line":286,"column":10},"end":{"line":286,"column":67}},"172":{"start":{"line":287,"column":10},"end":{"line":287,"column":49}},"173":{"start":{"line":290,"column":10},"end":{"line":297,"column":11}},"174":{"start":{"line":291,"column":25},"end":{"line":291,"column":63}},"175":{"start":{"line":292,"column":12},"end":{"line":292,"column":31}},"176":{"start":{"line":293,"column":12},"end":{"line":293,"column":47}},"177":{"start":{"line":293,"column":32},"end":{"line":293,"column":47}},"178":{"start":{"line":294,"column":12},"end":{"line":294,"column":119}},"179":{"start":{"line":296,"column":12},"end":{"line":296,"column":58}},"180":{"start":{"line":300,"column":8},"end":{"line":300,"column":70}},"181":{"start":{"line":303,"column":6},"end":{"line":303,"column":33}},"182":{"start":{"line":303,"column":27},"end":{"line":303,"column":33}},"183":{"start":{"line":306,"column":6},"end":{"line":306,"column":34}},"184":{"start":{"line":307,"column":6},"end":{"line":307,"column":33}},"185":{"start":{"line":307,"column":27},"end":{"line":307,"column":33}},"186":{"start":{"line":308,"column":27},"end":{"line":308,"column":75}},"187":{"start":{"line":308,"column":57},"end":{"line":308,"column":74}},"188":{"start":{"line":309,"column":6},"end":{"line":320,"column":7}},"189":{"start":{"line":310,"column":8},"end":{"line":317,"column":9}},"190":{"start":{"line":311,"column":23},"end":{"line":311,"column":92}},"191":{"start":{"line":312,"column":10},"end":{"line":312,"column":30}},"192":{"start":{"line":313,"column":10},"end":{"line":313,"column":47}},"193":{"start":{"line":313,"column":31},"end":{"line":313,"column":47}},"194":{"start":{"line":314,"column":10},"end":{"line":314,"column":110}},"195":{"start":{"line":316,"column":10},"end":{"line":316,"column":55}},"196":{"start":{"line":319,"column":8},"end":{"line":319,"column":69}},"197":{"start":{"line":323,"column":6},"end":{"line":323,"column":34}},"198":{"start":{"line":324,"column":6},"end":{"line":324,"column":33}},"199":{"start":{"line":324,"column":27},"end":{"line":324,"column":33}},"200":{"start":{"line":325,"column":27},"end":{"line":325,"column":75}},"201":{"start":{"line":325,"column":57},"end":{"line":325,"column":74}},"202":{"start":{"line":326,"column":6},"end":{"line":337,"column":7}},"203":{"start":{"line":327,"column":8},"end":{"line":334,"column":9}},"204":{"start":{"line":328,"column":23},"end":{"line":328,"column":92}},"205":{"start":{"line":329,"column":10},"end":{"line":329,"column":30}},"206":{"start":{"line":330,"column":10},"end":{"line":330,"column":47}},"207":{"start":{"line":330,"column":31},"end":{"line":330,"column":47}},"208":{"start":{"line":331,"column":10},"end":{"line":331,"column":110}},"209":{"start":{"line":333,"column":10},"end":{"line":333,"column":55}},"210":{"start":{"line":336,"column":8},"end":{"line":336,"column":69}},"211":{"start":{"line":339,"column":6},"end":{"line":339,"column":34}},"212":{"start":{"line":339,"column":28},"end":{"line":339,"column":34}},"213":{"start":{"line":341,"column":6},"end":{"line":341,"column":35}},"214":{"start":{"line":342,"column":6},"end":{"line":342,"column":34}},"215":{"start":{"line":342,"column":28},"end":{"line":342,"column":34}},"216":{"start":{"line":343,"column":22},"end":{"line":343,"column":71}},"217":{"start":{"line":343,"column":53},"end":{"line":343,"column":70}},"218":{"start":{"line":344,"column":6},"end":{"line":361,"column":7}},"219":{"start":{"line":345,"column":20},"end":{"line":345,"column":75}},"220":{"start":{"line":345,"column":49},"end":{"line":345,"column":74}},"221":{"start":{"line":346,"column":8},"end":{"line":358,"column":9}},"222":{"start":{"line":347,"column":10},"end":{"line":347,"column":67}},"223":{"start":{"line":348,"column":10},"end":{"line":348,"column":49}},"224":{"start":{"line":350,"column":10},"end":{"line":357,"column":11}},"225":{"start":{"line":351,"column":25},"end":{"line":351,"column":63}},"226":{"start":{"line":352,"column":12},"end":{"line":352,"column":31}},"227":{"start":{"line":353,"column":12},"end":{"line":353,"column":47}},"228":{"start":{"line":353,"column":32},"end":{"line":353,"column":47}},"229":{"start":{"line":354,"column":12},"end":{"line":354,"column":119}},"230":{"start":{"line":356,"column":12},"end":{"line":356,"column":58}},"231":{"start":{"line":360,"column":8},"end":{"line":360,"column":70}},"232":{"start":{"line":365,"column":2},"end":{"line":370,"column":3}},"233":{"start":{"line":366,"column":4},"end":{"line":366,"column":52}},"234":{"start":{"line":367,"column":4},"end":{"line":367,"column":24}},"235":{"start":{"line":369,"column":4},"end":{"line":369,"column":51}},"236":{"start":{"line":373,"column":16},"end":{"line":386,"column":1}},"237":{"start":{"line":389,"column":18},"end":{"line":393,"column":3}},"238":{"start":{"line":394,"column":17},"end":{"line":394,"column":68}},"239":{"start":{"line":395,"column":2},"end":{"line":395,"column":38}},"240":{"start":{"line":399,"column":2},"end":{"line":399,"column":46}},"241":{"start":{"line":400,"column":2},"end":{"line":400,"column":46}},"242":{"start":{"line":404,"column":17},"end":{"line":404,"column":40}},"243":{"start":{"line":405,"column":2},"end":{"line":405,"column":17}},"244":{"start":{"line":406,"column":2},"end":{"line":406,"column":44}},"245":{"start":{"line":407,"column":2},"end":{"line":407,"column":16}},"246":{"start":{"line":411,"column":0},"end":{"line":451,"column":1}},"247":{"start":{"line":412,"column":18},"end":{"line":412,"column":38}},"248":{"start":{"line":414,"column":18},"end":{"line":414,"column":96}},"249":{"start":{"line":415,"column":2},"end":{"line":415,"column":29}},"250":{"start":{"line":417,"column":18},"end":{"line":417,"column":78}},"251":{"start":{"line":418,"column":2},"end":{"line":418,"column":29}},"252":{"start":{"line":420,"column":2},"end":{"line":420,"column":27}},"253":{"start":{"line":423,"column":16},"end":{"line":427,"column":4}},"254":{"start":{"line":424,"column":17},"end":{"line":424,"column":19}},"255":{"start":{"line":425,"column":4},"end":{"line":425,"column":48}},"256":{"start":{"line":426,"column":4},"end":{"line":426,"column":101}},"257":{"start":{"line":428,"column":2},"end":{"line":428,"column":31}},"258":{"start":{"line":429,"column":2},"end":{"line":429,"column":45}},"259":{"start":{"line":431,"column":16},"end":{"line":436,"column":4}},"260":{"start":{"line":432,"column":17},"end":{"line":432,"column":41}},"261":{"start":{"line":433,"column":4},"end":{"line":433,"column":24}},"262":{"start":{"line":434,"column":4},"end":{"line":434,"column":41}},"263":{"start":{"line":434,"column":25},"end":{"line":434,"column":41}},"264":{"start":{"line":435,"column":4},"end":{"line":435,"column":98}},"265":{"start":{"line":437,"column":2},"end":{"line":437,"column":36}},"266":{"start":{"line":440,"column":19},"end":{"line":440,"column":54}},"267":{"start":{"line":441,"column":2},"end":{"line":441,"column":50}},"268":{"start":{"line":442,"column":2},"end":{"line":442,"column":50}},"269":{"start":{"line":442,"column":25},"end":{"line":442,"column":50}},"270":{"start":{"line":445,"column":19},"end":{"line":445,"column":35}},"271":{"start":{"line":446,"column":2},"end":{"line":446,"column":32}},"272":{"start":{"line":447,"column":27},"end":{"line":447,"column":49}},"273":{"start":{"line":448,"column":2},"end":{"line":450,"column":3}},"274":{"start":{"line":449,"column":4},"end":{"line":449,"column":129}},"275":{"start":{"line":453,"column":0},"end":{"line":467,"column":2}}},"fnMap":{"0":{"name":"(anonymous_0)","decl":{"start":{"line":11,"column":2},"end":{"line":11,"column":3}},"loc":{"start":{"line":11,"column":16},"end":{"line":17,"column":3}},"line":11},"1":{"name":"(anonymous_1)","decl":{"start":{"line":21,"column":2},"end":{"line":21,"column":3}},"loc":{"start":{"line":21,"column":20},"end":{"line":32,"column":3}},"line":21},"2":{"name":"(anonymous_2)","decl":{"start":{"line":35,"column":2},"end":{"line":35,"column":3}},"loc":{"start":{"line":35,"column":22},"end":{"line":38,"column":3}},"line":35},"3":{"name":"(anonymous_3)","decl":{"start":{"line":40,"column":2},"end":{"line":40,"column":3}},"loc":{"start":{"line":40,"column":24},"end":{"line":44,"column":3}},"line":40},"4":{"name":"(anonymous_4)","decl":{"start":{"line":41,"column":42},"end":{"line":41,"column":43}},"loc":{"start":{"line":41,"column":47},"end":{"line":41,"column":66}},"line":41},"5":{"name":"(anonymous_5)","decl":{"start":{"line":46,"column":2},"end":{"line":46,"column":3}},"loc":{"start":{"line":46,"column":34},"end":{"line":56,"column":3}},"line":46},"6":{"name":"(anonymous_6)","decl":{"start":{"line":47,"column":42},"end":{"line":47,"column":43}},"loc":{"start":{"line":47,"column":47},"end":{"line":47,"column":66}},"line":47},"7":{"name":"(anonymous_7)","decl":{"start":{"line":59,"column":2},"end":{"line":59,"column":3}},"loc":{"start":{"line":59,"column":33},"end":{"line":62,"column":3}},"line":59},"8":{"name":"(anonymous_8)","decl":{"start":{"line":64,"column":2},"end":{"line":64,"column":3}},"loc":{"start":{"line":64,"column":39},"end":{"line":77,"column":3}},"line":64},"9":{"name":"(anonymous_9)","decl":{"start":{"line":65,"column":38},"end":{"line":65,"column":39}},"loc":{"start":{"line":65,"column":43},"end":{"line":65,"column":68}},"line":65},"10":{"name":"(anonymous_10)","decl":{"start":{"line":79,"column":2},"end":{"line":79,"column":3}},"loc":{"start":{"line":79,"column":18},"end":{"line":85,"column":3}},"line":79},"11":{"name":"(anonymous_11)","decl":{"start":{"line":87,"column":2},"end":{"line":87,"column":3}},"loc":{"start":{"line":87,"column":15},"end":{"line":90,"column":3}},"line":87},"12":{"name":"(anonymous_12)","decl":{"start":{"line":92,"column":2},"end":{"line":92,"column":3}},"loc":{"start":{"line":92,"column":34},"end":{"line":95,"column":3}},"line":92},"13":{"name":"(anonymous_13)","decl":{"start":{"line":99,"column":2},"end":{"line":99,"column":3}},"loc":{"start":{"line":99,"column":67},"end":{"line":105,"column":3}},"line":99},"14":{"name":"(anonymous_14)","decl":{"start":{"line":107,"column":2},"end":{"line":107,"column":3}},"loc":{"start":{"line":107,"column":20},"end":{"line":112,"column":3}},"line":107},"15":{"name":"(anonymous_15)","decl":{"start":{"line":116,"column":2},"end":{"line":116,"column":3}},"loc":{"start":{"line":116,"column":42},"end":{"line":124,"column":3}},"line":116},"16":{"name":"(anonymous_16)","decl":{"start":{"line":126,"column":2},"end":{"line":126,"column":3}},"loc":{"start":{"line":126,"column":17},"end":{"line":130,"column":3}},"line":126},"17":{"name":"(anonymous_17)","decl":{"start":{"line":135,"column":2},"end":{"line":135,"column":3}},"loc":{"start":{"line":135,"column":34},"end":{"line":139,"column":3}},"line":135},"18":{"name":"(anonymous_18)","decl":{"start":{"line":143,"column":2},"end":{"line":143,"column":3}},"loc":{"start":{"line":143,"column":35},"end":{"line":147,"column":3}},"line":143},"19":{"name":"criarItemAPartirDeData","decl":{"start":{"line":151,"column":9},"end":{"line":151,"column":31}},"loc":{"start":{"line":151,"column":38},"end":{"line":164,"column":1}},"line":151},"20":{"name":"(anonymous_20)","decl":{"start":{"line":155,"column":37},"end":{"line":155,"column":38}},"loc":{"start":{"line":155,"column":47},"end":{"line":159,"column":5}},"line":155},"21":{"name":"(anonymous_21)","decl":{"start":{"line":161,"column":40},"end":{"line":161,"column":41}},"loc":{"start":{"line":161,"column":46},"end":{"line":163,"column":3}},"line":161},"22":{"name":"criarSkillAPartirDeData","decl":{"start":{"line":166,"column":9},"end":{"line":166,"column":32}},"loc":{"start":{"line":166,"column":39},"end":{"line":179,"column":1}},"line":166},"23":{"name":"(anonymous_23)","decl":{"start":{"line":169,"column":45},"end":{"line":169,"column":46}},"loc":{"start":{"line":169,"column":63},"end":{"line":174,"column":5}},"line":169},"24":{"name":"(anonymous_24)","decl":{"start":{"line":176,"column":47},"end":{"line":176,"column":48}},"loc":{"start":{"line":176,"column":65},"end":{"line":178,"column":3}},"line":176},"25":{"name":"salvarJogo","decl":{"start":{"line":181,"column":9},"end":{"line":181,"column":19}},"loc":{"start":{"line":181,"column":38},"end":{"line":196,"column":1}},"line":181},"26":{"name":"(anonymous_26)","decl":{"start":{"line":190,"column":38},"end":{"line":190,"column":39}},"loc":{"start":{"line":190,"column":44},"end":{"line":190,"column":88}},"line":190},"27":{"name":"(anonymous_27)","decl":{"start":{"line":191,"column":40},"end":{"line":191,"column":41}},"loc":{"start":{"line":191,"column":46},"end":{"line":191,"column":78}},"line":191},"28":{"name":"carregarJogo","decl":{"start":{"line":198,"column":9},"end":{"line":198,"column":21}},"loc":{"start":{"line":198,"column":32},"end":{"line":217,"column":1}},"line":198},"29":{"name":"combater","decl":{"start":{"line":219,"column":9},"end":{"line":219,"column":17}},"loc":{"start":{"line":219,"column":33},"end":{"line":371,"column":1}},"line":219},"30":{"name":"aplicarStatusEffects","decl":{"start":{"line":224,"column":11},"end":{"line":224,"column":31}},"loc":{"start":{"line":224,"column":42},"end":{"line":236,"column":3}},"line":224},"31":{"name":"chanceAcerta","decl":{"start":{"line":238,"column":11},"end":{"line":238,"column":23}},"loc":{"start":{"line":238,"column":48},"end":{"line":243,"column":3}},"line":238},"32":{"name":"calculoDano","decl":{"start":{"line":245,"column":11},"end":{"line":245,"column":22}},"loc":{"start":{"line":245,"column":83},"end":{"line":265,"column":3}},"line":245},"33":{"name":"(anonymous_33)","decl":{"start":{"line":281,"column":48},"end":{"line":281,"column":49}},"loc":{"start":{"line":281,"column":53},"end":{"line":281,"column":70}},"line":281},"34":{"name":"(anonymous_34)","decl":{"start":{"line":284,"column":44},"end":{"line":284,"column":45}},"loc":{"start":{"line":284,"column":49},"end":{"line":284,"column":74}},"line":284},"35":{"name":"(anonymous_35)","decl":{"start":{"line":308,"column":52},"end":{"line":308,"column":53}},"loc":{"start":{"line":308,"column":57},"end":{"line":308,"column":74}},"line":308},"36":{"name":"(anonymous_36)","decl":{"start":{"line":325,"column":52},"end":{"line":325,"column":53}},"loc":{"start":{"line":325,"column":57},"end":{"line":325,"column":74}},"line":325},"37":{"name":"(anonymous_37)","decl":{"start":{"line":343,"column":48},"end":{"line":343,"column":49}},"loc":{"start":{"line":343,"column":53},"end":{"line":343,"column":70}},"line":343},"38":{"name":"(anonymous_38)","decl":{"start":{"line":345,"column":44},"end":{"line":345,"column":45}},"loc":{"start":{"line":345,"column":49},"end":{"line":345,"column":74}},"line":345},"39":{"name":"eventoAleatorio","decl":{"start":{"line":388,"column":9},"end":{"line":388,"column":24}},"loc":{"start":{"line":388,"column":33},"end":{"line":396,"column":1}},"line":388},"40":{"name":"cenaAbertura","decl":{"start":{"line":398,"column":9},"end":{"line":398,"column":21}},"loc":{"start":{"line":398,"column":24},"end":{"line":401,"column":1}},"line":398},"41":{"name":"iniciarJogo","decl":{"start":{"line":403,"column":9},"end":{"line":403,"column":20}},"loc":{"start":{"line":403,"column":34},"end":{"line":408,"column":1}},"line":403},"42":{"name":"(anonymous_42)","decl":{"start":{"line":423,"column":56},"end":{"line":423,"column":57}},"loc":{"start":{"line":423,"column":66},"end":{"line":427,"column":3}},"line":423},"43":{"name":"(anonymous_43)","decl":{"start":{"line":431,"column":45},"end":{"line":431,"column":46}},"loc":{"start":{"line":431,"column":63},"end":{"line":436,"column":3}},"line":431}},"branchMap":{"0":{"loc":{"start":{"line":42,"column":4},"end":{"line":42,"column":32}},"type":"if","locations":[{"start":{"line":42,"column":4},"end":{"line":42,"column":32}},{"start":{},"end":{}}],"line":42},"1":{"loc":{"start":{"line":46,"column":21},"end":{"line":46,"column":32}},"type":"default-arg","locations":[{"start":{"line":46,"column":28},"end":{"line":46,"column":32}}],"line":46},"2":{"loc":{"start":{"line":48,"column":4},"end":{"line":51,"column":5}},"type":"if","locations":[{"start":{"line":48,"column":4},"end":{"line":51,"column":5}},{"start":{},"end":{}}],"line":48},"3":{"loc":{"start":{"line":53,"column":4},"end":{"line":53,"column":57}},"type":"if","locations":[{"start":{"line":53,"column":4},"end":{"line":53,"column":57}},{"start":{},"end":{}}],"line":53},"4":{"loc":{"start":{"line":66,"column":4},"end":{"line":69,"column":5}},"type":"if","locations":[{"start":{"line":66,"column":4},"end":{"line":69,"column":5}},{"start":{},"end":{}}],"line":66},"5":{"loc":{"start":{"line":70,"column":4},"end":{"line":73,"column":5}},"type":"if","locations":[{"start":{"line":70,"column":4},"end":{"line":73,"column":5}},{"start":{},"end":{}}],"line":70},"6":{"loc":{"start":{"line":93,"column":4},"end":{"line":93,"column":60}},"type":"if","locations":[{"start":{"line":93,"column":4},"end":{"line":93,"column":60}},{"start":{},"end":{}}],"line":93},"7":{"loc":{"start":{"line":99,"column":47},"end":{"line":99,"column":65}},"type":"default-arg","locations":[{"start":{"line":99,"column":54},"end":{"line":99,"column":65}}],"line":99},"8":{"loc":{"start":{"line":108,"column":4},"end":{"line":108,"column":30}},"type":"if","locations":[{"start":{"line":108,"column":4},"end":{"line":108,"column":30}},{"start":{},"end":{}}],"line":108},"9":{"loc":{"start":{"line":128,"column":4},"end":{"line":128,"column":41}},"type":"if","locations":[{"start":{"line":128,"column":4},"end":{"line":128,"column":41}},{"start":{},"end":{}}],"line":128},"10":{"loc":{"start":{"line":154,"column":2},"end":{"line":160,"column":3}},"type":"if","locations":[{"start":{"line":154,"column":2},"end":{"line":160,"column":3}},{"start":{},"end":{}}],"line":154},"11":{"loc":{"start":{"line":154,"column":6},"end":{"line":154,"column":50}},"type":"binary-expr","locations":[{"start":{"line":154,"column":6},"end":{"line":154,"column":10}},{"start":{"line":154,"column":14},"end":{"line":154,"column":50}}],"line":154},"12":{"loc":{"start":{"line":156,"column":19},"end":{"line":156,"column":34}},"type":"binary-expr","locations":[{"start":{"line":156,"column":19},"end":{"line":156,"column":28}},{"start":{"line":156,"column":32},"end":{"line":156,"column":34}}],"line":156},"13":{"loc":{"start":{"line":168,"column":2},"end":{"line":175,"column":3}},"type":"if","locations":[{"start":{"line":168,"column":2},"end":{"line":175,"column":3}},{"start":{},"end":{}}],"line":168},"14":{"loc":{"start":{"line":169,"column":27},"end":{"line":169,"column":43}},"type":"binary-expr","locations":[{"start":{"line":169,"column":27},"end":{"line":169,"column":37}},{"start":{"line":169,"column":41},"end":{"line":169,"column":43}}],"line":169},"15":{"loc":{"start":{"line":172,"column":6},"end":{"line":172,"column":43}},"type":"if","locations":[{"start":{"line":172,"column":6},"end":{"line":172,"column":43}},{"start":{},"end":{}}],"line":172},"16":{"loc":{"start":{"line":176,"column":30},"end":{"line":176,"column":45}},"type":"binary-expr","locations":[{"start":{"line":176,"column":30},"end":{"line":176,"column":40}},{"start":{"line":176,"column":44},"end":{"line":176,"column":45}}],"line":176},"17":{"loc":{"start":{"line":199,"column":2},"end":{"line":202,"column":3}},"type":"if","locations":[{"start":{"line":199,"column":2},"end":{"line":202,"column":3}},{"start":{},"end":{}}],"line":199},"18":{"loc":{"start":{"line":205,"column":28},"end":{"line":205,"column":50}},"type":"binary-expr","locations":[{"start":{"line":205,"column":28},"end":{"line":205,"column":37}},{"start":{"line":205,"column":41},"end":{"line":205,"column":50}}],"line":205},"19":{"loc":{"start":{"line":206,"column":17},"end":{"line":206,"column":32}},"type":"binary-expr","locations":[{"start":{"line":206,"column":17},"end":{"line":206,"column":27}},{"start":{"line":206,"column":31},"end":{"line":206,"column":32}}],"line":206},"20":{"loc":{"start":{"line":207,"column":14},"end":{"line":207,"column":26}},"type":"binary-expr","locations":[{"start":{"line":207,"column":14},"end":{"line":207,"column":21}},{"start":{"line":207,"column":25},"end":{"line":207,"column":26}}],"line":207},"21":{"loc":{"start":{"line":208,"column":16},"end":{"line":208,"column":32}},"type":"binary-expr","locations":[{"start":{"line":208,"column":16},"end":{"line":208,"column":25}},{"start":{"line":208,"column":29},"end":{"line":208,"column":32}}],"line":208},"22":{"loc":{"start":{"line":209,"column":19},"end":{"line":209,"column":38}},"type":"binary-expr","locations":[{"start":{"line":209,"column":19},"end":{"line":209,"column":31}},{"start":{"line":209,"column":35},"end":{"line":209,"column":38}}],"line":209},"23":{"loc":{"start":{"line":210,"column":21},"end":{"line":210,"column":41}},"type":"binary-expr","locations":[{"start":{"line":210,"column":21},"end":{"line":210,"column":35}},{"start":{"line":210,"column":39},"end":{"line":210,"column":41}}],"line":210},"24":{"loc":{"start":{"line":211,"column":2},"end":{"line":211,"column":70}},"type":"if","locations":[{"start":{"line":211,"column":2},"end":{"line":211,"column":70}},{"start":{},"end":{}}],"line":211},"25":{"loc":{"start":{"line":212,"column":23},"end":{"line":212,"column":44}},"type":"binary-expr","locations":[{"start":{"line":212,"column":23},"end":{"line":212,"column":38}},{"start":{"line":212,"column":42},"end":{"line":212,"column":44}}],"line":212},"26":{"loc":{"start":{"line":213,"column":24},"end":{"line":213,"column":46}},"type":"binary-expr","locations":[{"start":{"line":213,"column":24},"end":{"line":213,"column":40}},{"start":{"line":213,"column":44},"end":{"line":213,"column":46}}],"line":213},"27":{"loc":{"start":{"line":214,"column":23},"end":{"line":214,"column":69}},"type":"binary-expr","locations":[{"start":{"line":214,"column":23},"end":{"line":214,"column":39}},{"start":{"line":214,"column":43},"end":{"line":214,"column":69}}],"line":214},"28":{"loc":{"start":{"line":225,"column":4},"end":{"line":225,"column":40}},"type":"if","locations":[{"start":{"line":225,"column":4},"end":{"line":225,"column":40}},{"start":{},"end":{}}],"line":225},"29":{"loc":{"start":{"line":228,"column":6},"end":{"line":231,"column":7}},"type":"if","locations":[{"start":{"line":228,"column":6},"end":{"line":231,"column":7}},{"start":{},"end":{}}],"line":228},"30":{"loc":{"start":{"line":233,"column":6},"end":{"line":233,"column":61}},"type":"if","locations":[{"start":{"line":233,"column":6},"end":{"line":233,"column":61}},{"start":{},"end":{}}],"line":233},"31":{"loc":{"start":{"line":235,"column":4},"end":{"line":235,"column":45}},"type":"if","locations":[{"start":{"line":235,"column":4},"end":{"line":235,"column":45}},{"start":{},"end":{}}],"line":235},"32":{"loc":{"start":{"line":240,"column":4},"end":{"line":240,"column":33}},"type":"if","locations":[{"start":{"line":240,"column":4},"end":{"line":240,"column":33}},{"start":{},"end":{}}],"line":240},"33":{"loc":{"start":{"line":241,"column":4},"end":{"line":241,"column":31}},"type":"if","locations":[{"start":{"line":241,"column":4},"end":{"line":241,"column":31}},{"start":{},"end":{}}],"line":241},"34":{"loc":{"start":{"line":245,"column":43},"end":{"line":245,"column":61}},"type":"default-arg","locations":[{"start":{"line":245,"column":60},"end":{"line":245,"column":61}}],"line":245},"35":{"loc":{"start":{"line":245,"column":63},"end":{"line":245,"column":81}},"type":"default-arg","locations":[{"start":{"line":245,"column":74},"end":{"line":245,"column":81}}],"line":245},"36":{"loc":{"start":{"line":249,"column":4},"end":{"line":252,"column":5}},"type":"if","locations":[{"start":{"line":249,"column":4},"end":{"line":252,"column":5}},{"start":{},"end":{}}],"line":249},"37":{"loc":{"start":{"line":254,"column":4},"end":{"line":259,"column":5}},"type":"if","locations":[{"start":{"line":254,"column":4},"end":{"line":259,"column":5}},{"start":{},"end":{}}],"line":254},"38":{"loc":{"start":{"line":254,"column":8},"end":{"line":254,"column":66}},"type":"binary-expr","locations":[{"start":{"line":254,"column":8},"end":{"line":254,"column":25}},{"start":{"line":254,"column":29},"end":{"line":254,"column":66}}],"line":254},"39":{"loc":{"start":{"line":255,"column":6},"end":{"line":258,"column":7}},"type":"if","locations":[{"start":{"line":255,"column":6},"end":{"line":258,"column":7}},{"start":{},"end":{}}],"line":255},"40":{"loc":{"start":{"line":261,"column":4},"end":{"line":263,"column":5}},"type":"if","locations":[{"start":{"line":261,"column":4},"end":{"line":263,"column":5}},{"start":{},"end":{}}],"line":261},"41":{"loc":{"start":{"line":268,"column":25},"end":{"line":268,"column":51}},"type":"binary-expr","locations":[{"start":{"line":268,"column":25},"end":{"line":268,"column":45}},{"start":{"line":268,"column":49},"end":{"line":268,"column":51}}],"line":268},"42":{"loc":{"start":{"line":269,"column":24},"end":{"line":269,"column":49}},"type":"binary-expr","locations":[{"start":{"line":269,"column":24},"end":{"line":269,"column":43}},{"start":{"line":269,"column":47},"end":{"line":269,"column":49}}],"line":269},"43":{"loc":{"start":{"line":270,"column":20},"end":{"line":270,"column":40}},"type":"binary-expr","locations":[{"start":{"line":270,"column":20},"end":{"line":270,"column":35}},{"start":{"line":270,"column":39},"end":{"line":270,"column":40}}],"line":270},"44":{"loc":{"start":{"line":275,"column":9},"end":{"line":275,"column":42}},"type":"binary-expr","locations":[{"start":{"line":275,"column":9},"end":{"line":275,"column":24}},{"start":{"line":275,"column":28},"end":{"line":275,"column":42}}],"line":275},"45":{"loc":{"start":{"line":276,"column":4},"end":{"line":362,"column":5}},"type":"if","locations":[{"start":{"line":276,"column":4},"end":{"line":362,"column":5}},{"start":{"line":321,"column":11},"end":{"line":362,"column":5}}],"line":276},"46":{"loc":{"start":{"line":279,"column":6},"end":{"line":279,"column":34}},"type":"if","locations":[{"start":{"line":279,"column":6},"end":{"line":279,"column":34}},{"start":{},"end":{}}],"line":279},"47":{"loc":{"start":{"line":282,"column":6},"end":{"line":301,"column":7}},"type":"if","locations":[{"start":{"line":282,"column":6},"end":{"line":301,"column":7}},{"start":{"line":299,"column":13},"end":{"line":301,"column":7}}],"line":282},"48":{"loc":{"start":{"line":285,"column":8},"end":{"line":298,"column":9}},"type":"if","locations":[{"start":{"line":285,"column":8},"end":{"line":298,"column":9}},{"start":{"line":288,"column":15},"end":{"line":298,"column":9}}],"line":285},"49":{"loc":{"start":{"line":290,"column":10},"end":{"line":297,"column":11}},"type":"if","locations":[{"start":{"line":290,"column":10},"end":{"line":297,"column":11}},{"start":{"line":295,"column":17},"end":{"line":297,"column":11}}],"line":290},"50":{"loc":{"start":{"line":293,"column":12},"end":{"line":293,"column":47}},"type":"if","locations":[{"start":{"line":293,"column":12},"end":{"line":293,"column":47}},{"start":{},"end":{}}],"line":293},"51":{"loc":{"start":{"line":303,"column":6},"end":{"line":303,"column":33}},"type":"if","locations":[{"start":{"line":303,"column":6},"end":{"line":303,"column":33}},{"start":{},"end":{}}],"line":303},"52":{"loc":{"start":{"line":307,"column":6},"end":{"line":307,"column":33}},"type":"if","locations":[{"start":{"line":307,"column":6},"end":{"line":307,"column":33}},{"start":{},"end":{}}],"line":307},"53":{"loc":{"start":{"line":309,"column":6},"end":{"line":320,"column":7}},"type":"if","locations":[{"start":{"line":309,"column":6},"end":{"line":320,"column":7}},{"start":{"line":318,"column":13},"end":{"line":320,"column":7}}],"line":309},"54":{"loc":{"start":{"line":310,"column":8},"end":{"line":317,"column":9}},"type":"if","locations":[{"start":{"line":310,"column":8},"end":{"line":317,"column":9}},{"start":{"line":315,"column":15},"end":{"line":317,"column":9}}],"line":310},"55":{"loc":{"start":{"line":313,"column":10},"end":{"line":313,"column":47}},"type":"if","locations":[{"start":{"line":313,"column":10},"end":{"line":313,"column":47}},{"start":{},"end":{}}],"line":313},"56":{"loc":{"start":{"line":324,"column":6},"end":{"line":324,"column":33}},"type":"if","locations":[{"start":{"line":324,"column":6},"end":{"line":324,"column":33}},{"start":{},"end":{}}],"line":324},"57":{"loc":{"start":{"line":326,"column":6},"end":{"line":337,"column":7}},"type":"if","locations":[{"start":{"line":326,"column":6},"end":{"line":337,"column":7}},{"start":{"line":335,"column":13},"end":{"line":337,"column":7}}],"line":326},"58":{"loc":{"start":{"line":327,"column":8},"end":{"line":334,"column":9}},"type":"if","locations":[{"start":{"line":327,"column":8},"end":{"line":334,"column":9}},{"start":{"line":332,"column":15},"end":{"line":334,"column":9}}],"line":327},"59":{"loc":{"start":{"line":330,"column":10},"end":{"line":330,"column":47}},"type":"if","locations":[{"start":{"line":330,"column":10},"end":{"line":330,"column":47}},{"start":{},"end":{}}],"line":330},"60":{"loc":{"start":{"line":339,"column":6},"end":{"line":339,"column":34}},"type":"if","locations":[{"start":{"line":339,"column":6},"end":{"line":339,"column":34}},{"start":{},"end":{}}],"line":339},"61":{"loc":{"start":{"line":342,"column":6},"end":{"line":342,"column":34}},"type":"if","locations":[{"start":{"line":342,"column":6},"end":{"line":342,"column":34}},{"start":{},"end":{}}],"line":342},"62":{"loc":{"start":{"line":344,"column":6},"end":{"line":361,"column":7}},"type":"if","locations":[{"start":{"line":344,"column":6},"end":{"line":361,"column":7}},{"start":{"line":359,"column":13},"end":{"line":361,"column":7}}],"line":344},"63":{"loc":{"start":{"line":346,"column":8},"end":{"line":358,"column":9}},"type":"if","locations":[{"start":{"line":346,"column":8},"end":{"line":358,"column":9}},{"start":{"line":349,"column":15},"end":{"line":358,"column":9}}],"line":346},"64":{"loc":{"start":{"line":350,"column":10},"end":{"line":357,"column":11}},"type":"if","locations":[{"start":{"line":350,"column":10},"end":{"line":357,"column":11}},{"start":{"line":355,"column":17},"end":{"line":357,"column":11}}],"line":350},"65":{"loc":{"start":{"line":353,"column":12},"end":{"line":353,"column":47}},"type":"if","locations":[{"start":{"line":353,"column":12},"end":{"line":353,"column":47}},{"start":{},"end":{}}],"line":353},"66":{"loc":{"start":{"line":365,"column":2},"end":{"line":370,"column":3}},"type":"if","locations":[{"start":{"line":365,"column":2},"end":{"line":370,"column":3}},{"start":{"line":368,"column":9},"end":{"line":370,"column":3}}],"line":365},"67":{"loc":{"start":{"line":411,"column":0},"end":{"line":451,"column":1}},"type":"if","locations":[{"start":{"line":411,"column":0},"end":{"line":451,"column":1}},{"start":{},"end":{}}],"line":411},"68":{"loc":{"start":{"line":434,"column":4},"end":{"line":434,"column":41}},"type":"if","locations":[{"start":{"line":434,"column":4},"end":{"line":434,"column":41}},{"start":{},"end":{}}],"line":434},"69":{"loc":{"start":{"line":442,"column":2},"end":{"line":442,"column":50}},"type":"if","locations":[{"start":{"line":442,"column":2},"end":{"line":442,"column":50}},{"start":{},"end":{}}],"line":442},"70":{"loc":{"start":{"line":448,"column":2},"end":{"line":450,"column":3}},"type":"if","locations":[{"start":{"line":448,"column":2},"end":{"line":450,"column":3}},{"start":{},"end":{}}],"line":448}},"s":{"0":1,"1":1,"2":5,"3":5,"4":5,"5":5,"6":5,"7":5,"8":5,"9":5,"10":5,"11":5,"12":5,"13":5,"14":5,"15":5,"16":5,"17":2,"18":2,"19":0,"20":0,"21":0,"22":0,"23":0,"24":1,"25":1,"26":1,"27":0,"28":0,"29":1,"30":1,"31":1,"32":1,"33":1,"34":2,"35":2,"36":1,"37":1,"38":1,"39":0,"40":0,"41":1,"42":0,"43":0,"44":1,"45":1,"46":1,"47":1,"48":1,"49":1,"50":1,"51":1,"52":1,"53":0,"54":0,"55":0,"56":0,"57":0,"58":0,"59":0,"60":0,"61":0,"62":0,"63":0,"64":0,"65":0,"66":1,"67":1,"68":1,"69":1,"70":1,"71":1,"72":1,"73":0,"74":0,"75":0,"76":0,"77":3,"78":3,"79":3,"80":3,"81":3,"82":3,"83":1,"84":1,"85":1,"86":0,"87":0,"88":0,"89":0,"90":0,"91":1,"92":1,"93":1,"94":0,"95":0,"96":0,"97":0,"98":0,"99":0,"100":0,"101":1,"102":1,"103":1,"104":1,"105":1,"106":1,"107":0,"108":0,"109":1,"110":1,"111":1,"112":1,"113":1,"114":1,"115":1,"116":1,"117":1,"118":1,"119":1,"120":1,"121":1,"122":1,"123":1,"124":0,"125":0,"126":0,"127":0,"128":0,"129":0,"130":0,"131":0,"132":0,"133":0,"134":0,"135":0,"136":0,"137":0,"138":0,"139":0,"140":0,"141":0,"142":0,"143":0,"144":0,"145":0,"146":0,"147":0,"148":0,"149":0,"150":0,"151":0,"152":0,"153":0,"154":0,"155":0,"156":0,"157":0,"158":0,"159":0,"160":0,"161":0,"162":0,"163":0,"164":0,"165":0,"166":0,"167":0,"168":0,"169":0,"170":0,"171":0,"172":0,"173":0,"174":0,"175":0,"176":0,"177":0,"178":0,"179":0,"180":0,"181":0,"182":0,"183":0,"184":0,"185":0,"186":0,"187":0,"188":0,"189":0,"190":0,"191":0,"192":0,"193":0,"194":0,"195":0,"196":0,"197":0,"198":0,"199":0,"200":0,"201":0,"202":0,"203":0,"204":0,"205":0,"206":0,"207":0,"208":0,"209":0,"210":0,"211":0,"212":0,"213":0,"214":0,"215":0,"216":0,"217":0,"218":0,"219":0,"220":0,"221":0,"222":0,"223":0,"224":0,"225":0,"226":0,"227":0,"228":0,"229":0,"230":0,"231":0,"232":0,"233":0,"234":0,"235":0,"236":1,"237":0,"238":0,"239":0,"240":0,"241":0,"242":0,"243":0,"244":0,"245":0,"246":1,"247":0,"248":0,"249":0,"250":0,"251":0,"252":0,"253":0,"254":0,"255":0,"256":0,"257":0,"258":0,"259":0,"260":0,"261":0,"262":0,"263":0,"264":0,"265":0,"266":0,"267":0,"268":0,"269":0,"270":0,"271":0,"272":0,"273":0,"274":0,"275":1},"f":{"0":5,"1":5,"2":2,"3":0,"4":0,"5":1,"6":1,"7":2,"8":1,"9":1,"10":1,"11":1,"12":0,"13":0,"14":0,"15":1,"16":0,"17":3,"18":3,"19":1,"20":0,"21":0,"22":1,"23":0,"24":0,"25":1,"26":1,"27":1,"28":1,"29":0,"30":0,"31":0,"32":0,"33":0,"34":0,"35":0,"36":0,"37":0,"38":0,"39":0,"40":0,"41":0,"42":0,"43":0},"b":{"0":[0,0],"1":[0],"2":[0,1],"3":[1,0],"4":[0,1],"5":[0,1],"6":[0,0],"7":[0],"8":[0,0],"9":[0,0],"10":[1,0],"11":[1,1],"12":[0,0],"13":[1,0],"14":[1,0],"15":[0,0],"16":[0,0],"17":[0,1],"18":[1,0],"19":[1,0],"20":[1,1],"21":[1,0],"22":[1,0],"23":[1,0],"24":[1,0],"25":[1,0],"26":[1,0],"27":[1,0],"28":[0,0],"29":[0,0],"30":[0,0],"31":[0,0],"32":[0,0],"33":[0,0],"34":[0],"35":[0],"36":[0,0],"37":[0,0],"38":[0,0],"39":[0,0],"40":[0,0],"41":[0,0],"42":[0,0],"43":[0,0],"44":[0,0],"45":[0,0],"46":[0,0],"47":[0,0],"48":[0,0],"49":[0,0],"50":[0,0],"51":[0,0],"52":[0,0],"53":[0,0],"54":[0,0],"55":[0,0],"56":[0,0],"57":[0,0],"58":[0,0],"59":[0,0],"60":[0,0],"61":[0,0],"62":[0,0],"63":[0,0],"64":[0,0],"65":[0,0],"66":[0,0],"67":[0,1],"68":[0,0],"69":[0,0],"70":[0,0]},"_coverageSchema":"1a1c01bbd47fc00a2c39e90264f33305004495a9","hash":"7837fb4fe23132f572433fbda336b7b6c36c2eba"}
}
