TN:
SF:core.js
FN:11,(anonymous_0)
FN:21,(anonymous_1)
FN:35,(anonymous_2)
FN:40,(anonymous_3)
FN:41,(anonymous_4)
FN:46,(anonymous_5)
FN:47,(anonymous_6)
FN:59,(anonymous_7)
FN:64,(anonymous_8)
FN:65,(anonymous_9)
FN:79,(anonymous_10)
FN:87,(anonymous_11)
FN:92,(anonymous_12)
FN:99,(anonymous_13)
FN:107,(anonymous_14)
FN:116,(anonymous_15)
FN:126,(anonymous_16)
FN:135,(anonymous_17)
FN:143,(anonymous_18)
FN:151,criarItemAPartirDeData
FN:155,(anonymous_20)
FN:161,(anonymous_21)
FN:166,criarSkillAPartirDeData
FN:169,(anonymous_23)
FN:176,(anonymous_24)
FN:181,salvarJogo
FN:190,(anonymous_26)
FN:191,(anonymous_27)
FN:198,carregarJogo
FN:219,combater
FN:224,aplicarStatusEffects
FN:238,chanceAcerta
FN:245,calculoDano
FN:281,(anonymous_33)
FN:284,(anonymous_34)
FN:308,(anonymous_35)
FN:325,(anonymous_36)
FN:343,(anonymous_37)
FN:345,(anonymous_38)
FN:388,eventoAleatorio
FN:398,cenaAbertura
FN:403,iniciarJogo
FN:423,(anonymous_42)
FN:431,(anonymous_43)
FNF:44
FNH:19
FNDA:5,(anonymous_0)
FNDA:5,(anonymous_1)
FNDA:2,(anonymous_2)
FNDA:0,(anonymous_3)
FNDA:0,(anonymous_4)
FNDA:1,(anonymous_5)
FNDA:1,(anonymous_6)
FNDA:2,(anonymous_7)
FNDA:1,(anonymous_8)
FNDA:1,(anonymous_9)
FNDA:1,(anonymous_10)
FNDA:1,(anonymous_11)
FNDA:0,(anonymous_12)
FNDA:0,(anonymous_13)
FNDA:0,(anonymous_14)
FNDA:1,(anonymous_15)
FNDA:0,(anonymous_16)
FNDA:3,(anonymous_17)
FNDA:3,(anonymous_18)
FNDA:1,criarItemAPartirDeData
FNDA:0,(anonymous_20)
FNDA:0,(anonymous_21)
FNDA:1,criarSkillAPartirDeData
FNDA:0,(anonymous_23)
FNDA:0,(anonymous_24)
FNDA:1,salvarJogo
FNDA:1,(anonymous_26)
FNDA:1,(anonymous_27)
FNDA:1,carregarJogo
FNDA:0,combater
FNDA:0,aplicarStatusEffects
FNDA:0,chanceAcerta
FNDA:0,calculoDano
FNDA:0,(anonymous_33)
FNDA:0,(anonymous_34)
FNDA:0,(anonymous_35)
FNDA:0,(anonymous_36)
FNDA:0,(anonymous_37)
FNDA:0,(anonymous_38)
FNDA:0,eventoAleatorio
FNDA:0,cenaAbertura
FNDA:0,iniciarJogo
FNDA:0,(anonymous_42)
FNDA:0,(anonymous_43)
DA:2,1
DA:3,1
DA:12,5
DA:13,5
DA:14,5
DA:15,5
DA:16,5
DA:22,5
DA:23,5
DA:24,5
DA:25,5
DA:26,5
DA:27,5
DA:28,5
DA:29,5
DA:30,5
DA:31,5
DA:36,2
DA:37,2
DA:41,0
DA:42,0
DA:43,0
DA:47,1
DA:48,1
DA:49,0
DA:50,0
DA:52,1
DA:53,1
DA:54,1
DA:55,1
DA:60,2
DA:61,2
DA:65,1
DA:66,1
DA:67,0
DA:68,0
DA:70,1
DA:71,0
DA:72,0
DA:74,1
DA:75,1
DA:76,1
DA:80,1
DA:81,1
DA:82,1
DA:83,1
DA:88,1
DA:89,1
DA:93,0
DA:94,0
DA:100,0
DA:101,0
DA:102,0
DA:103,0
DA:104,0
DA:108,0
DA:109,0
DA:110,0
DA:111,0
DA:117,1
DA:118,1
DA:119,1
DA:120,1
DA:121,1
DA:122,1
DA:123,1
DA:127,0
DA:128,0
DA:129,0
DA:136,3
DA:137,3
DA:138,3
DA:144,3
DA:145,3
DA:146,3
DA:153,1
DA:154,1
DA:155,1
DA:156,0
DA:157,0
DA:158,0
DA:161,0
DA:162,0
DA:167,1
DA:168,1
DA:169,1
DA:170,0
DA:171,0
DA:172,0
DA:173,0
DA:176,0
DA:177,0
DA:182,1
DA:190,1
DA:191,1
DA:194,1
DA:195,1
DA:199,1
DA:200,0
DA:201,0
DA:203,1
DA:204,1
DA:205,1
DA:206,1
DA:207,1
DA:208,1
DA:209,1
DA:210,1
DA:211,1
DA:212,1
DA:213,1
DA:214,1
DA:215,1
DA:216,1
DA:220,0
DA:225,0
DA:226,0
DA:227,0
DA:228,0
DA:229,0
DA:230,0
DA:232,0
DA:233,0
DA:235,0
DA:239,0
DA:240,0
DA:241,0
DA:242,0
DA:246,0
DA:248,0
DA:249,0
DA:250,0
DA:251,0
DA:254,0
DA:255,0
DA:256,0
DA:257,0
DA:261,0
DA:262,0
DA:264,0
DA:268,0
DA:269,0
DA:270,0
DA:273,0
DA:275,0
DA:276,0
DA:278,0
DA:279,0
DA:281,0
DA:282,0
DA:284,0
DA:285,0
DA:286,0
DA:287,0
DA:290,0
DA:291,0
DA:292,0
DA:293,0
DA:294,0
DA:296,0
DA:300,0
DA:303,0
DA:306,0
DA:307,0
DA:308,0
DA:309,0
DA:310,0
DA:311,0
DA:312,0
DA:313,0
DA:314,0
DA:316,0
DA:319,0
DA:323,0
DA:324,0
DA:325,0
DA:326,0
DA:327,0
DA:328,0
DA:329,0
DA:330,0
DA:331,0
DA:333,0
DA:336,0
DA:339,0
DA:341,0
DA:342,0
DA:343,0
DA:344,0
DA:345,0
DA:346,0
DA:347,0
DA:348,0
DA:350,0
DA:351,0
DA:352,0
DA:353,0
DA:354,0
DA:356,0
DA:360,0
DA:365,0
DA:366,0
DA:367,0
DA:369,0
DA:373,1
DA:389,0
DA:394,0
DA:395,0
DA:399,0
DA:400,0
DA:404,0
DA:405,0
DA:406,0
DA:407,0
DA:411,1
DA:412,0
DA:414,0
DA:415,0
DA:417,0
DA:418,0
DA:420,0
DA:423,0
DA:424,0
DA:425,0
DA:426,0
DA:428,0
DA:429,0
DA:431,0
DA:432,0
DA:433,0
DA:434,0
DA:435,0
DA:437,0
DA:440,0
DA:441,0
DA:442,0
DA:445,0
DA:446,0
DA:447,0
DA:448,0
DA:449,0
DA:453,1
LF:242
LH:81
BRDA:42,0,0,0
BRDA:42,0,1,0
BRDA:46,1,0,0
BRDA:48,2,0,0
BRDA:48,2,1,1
BRDA:53,3,0,1
BRDA:53,3,1,0
BRDA:66,4,0,0
BRDA:66,4,1,1
BRDA:70,5,0,0
BRDA:70,5,1,1
BRDA:93,6,0,0
BRDA:93,6,1,0
BRDA:99,7,0,0
BRDA:108,8,0,0
BRDA:108,8,1,0
BRDA:128,9,0,0
BRDA:128,9,1,0
BRDA:154,10,0,1
BRDA:154,10,1,0
BRDA:154,11,0,1
BRDA:154,11,1,1
BRDA:156,12,0,0
BRDA:156,12,1,0
BRDA:168,13,0,1
BRDA:168,13,1,0
BRDA:169,14,0,1
BRDA:169,14,1,0
BRDA:172,15,0,0
BRDA:172,15,1,0
BRDA:176,16,0,0
BRDA:176,16,1,0
BRDA:199,17,0,0
BRDA:199,17,1,1
BRDA:205,18,0,1
BRDA:205,18,1,0
BRDA:206,19,0,1
BRDA:206,19,1,0
BRDA:207,20,0,1
BRDA:207,20,1,1
BRDA:208,21,0,1
BRDA:208,21,1,0
BRDA:209,22,0,1
BRDA:209,22,1,0
BRDA:210,23,0,1
BRDA:210,23,1,0
BRDA:211,24,0,1
BRDA:211,24,1,0
BRDA:212,25,0,1
BRDA:212,25,1,0
BRDA:213,26,0,1
BRDA:213,26,1,0
BRDA:214,27,0,1
BRDA:214,27,1,0
BRDA:225,28,0,0
BRDA:225,28,1,0
BRDA:228,29,0,0
BRDA:228,29,1,0
BRDA:233,30,0,0
BRDA:233,30,1,0
BRDA:235,31,0,0
BRDA:235,31,1,0
BRDA:240,32,0,0
BRDA:240,32,1,0
BRDA:241,33,0,0
BRDA:241,33,1,0
BRDA:245,34,0,0
BRDA:245,35,0,0
BRDA:249,36,0,0
BRDA:249,36,1,0
BRDA:254,37,0,0
BRDA:254,37,1,0
BRDA:254,38,0,0
BRDA:254,38,1,0
BRDA:255,39,0,0
BRDA:255,39,1,0
BRDA:261,40,0,0
BRDA:261,40,1,0
BRDA:268,41,0,0
BRDA:268,41,1,0
BRDA:269,42,0,0
BRDA:269,42,1,0
BRDA:270,43,0,0
BRDA:270,43,1,0
BRDA:275,44,0,0
BRDA:275,44,1,0
BRDA:276,45,0,0
BRDA:276,45,1,0
BRDA:279,46,0,0
BRDA:279,46,1,0
BRDA:282,47,0,0
BRDA:282,47,1,0
BRDA:285,48,0,0
BRDA:285,48,1,0
BRDA:290,49,0,0
BRDA:290,49,1,0
BRDA:293,50,0,0
BRDA:293,50,1,0
BRDA:303,51,0,0
BRDA:303,51,1,0
BRDA:307,52,0,0
BRDA:307,52,1,0
BRDA:309,53,0,0
BRDA:309,53,1,0
BRDA:310,54,0,0
BRDA:310,54,1,0
BRDA:313,55,0,0
BRDA:313,55,1,0
BRDA:324,56,0,0
BRDA:324,56,1,0
BRDA:326,57,0,0
BRDA:326,57,1,0
BRDA:327,58,0,0
BRDA:327,58,1,0
BRDA:330,59,0,0
BRDA:330,59,1,0
BRDA:339,60,0,0
BRDA:339,60,1,0
BRDA:342,61,0,0
BRDA:342,61,1,0
BRDA:344,62,0,0
BRDA:344,62,1,0
BRDA:346,63,0,0
BRDA:346,63,1,0
BRDA:350,64,0,0
BRDA:350,64,1,0
BRDA:353,65,0,0
BRDA:353,65,1,0
BRDA:365,66,0,0
BRDA:365,66,1,0
BRDA:411,67,0,0
BRDA:411,67,1,1
BRDA:434,68,0,0
BRDA:434,68,1,0
BRDA:442,69,0,0
BRDA:442,69,1,0
BRDA:448,70,0,0
BRDA:448,70,1,0
BRF:138
BRH:22
end_of_record
